<?xml version="1.0" encoding="UTF-8"?>
<testsuite name="ru.qatest.stg.letittest.PointThreeTest" tests="1" skipped="0" failures="0" errors="0" timestamp="2021-02-12T15:00:20" hostname="DESKTOP-MCN6CDG" time="0.003">
  <properties/>
  <testcase name="testDistanceThree" classname="ru.qatest.stg.letittest.PointThreeTest" time="0.003"/>
  <system-out><![CDATA[]]></system-out>
  <system-err><![CDATA[]]></system-err>
</testsuite>
